2017-04-09 19:22:29 INFO  ContextLoader:304 - Root WebApplicationContext: initialization started
2017-04-09 19:22:29 INFO  AnnotationConfigWebApplicationContext:582 - Refreshing Root WebApplicationContext: startup date [Sun Apr 09 19:22:29 MSK 2017]; root of context hierarchy
2017-04-09 19:22:29 INFO  AnnotationConfigWebApplicationContext:207 - Registering annotated classes: [class io.delivery.config.application.WebConfig]
2017-04-09 19:22:30 INFO  DefaultListableBeanFactory:828 - Overriding bean definition for bean 'dataSource' with a different definition: replacing [Root bean: class [null]; scope=; abstract=false; lazyInit=false; autowireMode=3; dependencyCheck=0; autowireCandidate=true; primary=false; factoryBeanName=appConfig; factoryMethodName=dataSource; initMethodName=null; destroyMethodName=(inferred); defined in class path resource [io/delivery/config/AppConfig.class]] with [Root bean: class [null]; scope=; abstract=false; lazyInit=false; autowireMode=3; dependencyCheck=0; autowireCandidate=true; primary=false; factoryBeanName=hibernateConfig; factoryMethodName=dataSource; initMethodName=null; destroyMethodName=(inferred); defined in class path resource [io/delivery/config/HibernateConfig.class]]
2017-04-09 19:22:30 INFO  AutowiredAnnotationBeanPostProcessor:155 - JSR-330 'javax.inject.Inject' annotation found and supported for autowiring
2017-04-09 19:22:31 INFO  DriverManagerDataSource:133 - Loaded JDBC driver: org.postgresql.Driver
2017-04-09 19:22:32 INFO  Version:45 - HHH000412: Hibernate Core {5.2.4.Final}
2017-04-09 19:22:32 INFO  Environment:198 - HHH000205: Loaded properties from resource hibernate.properties: {hibernate.dialect=org.hibernate.dialect.PostgreSQLDialect, hibernate.format_sql=true, hibernate.username=root, hibernate.hbm2ddl.auto=create, hibernate.url=jdbc:postgresql://localhost:5432/delivery, hibernate.bytecode.use_reflection_optimizer=false, hibernate.show_sql=true, hibernate.password=root, hibernate.driverClass=org.postgresql.Driver}
2017-04-09 19:22:32 INFO  Environment:318 - HHH000021: Bytecode provider name : javassist
2017-04-09 19:22:32 INFO  Version:66 - HCANN000001: Hibernate Commons Annotations {5.0.1.Final}
2017-04-09 19:22:32 INFO  Dialect:153 - HHH000400: Using dialect: org.hibernate.dialect.PostgreSQLDialect
2017-04-09 19:22:33 INFO  LobCreatorBuilderImpl:124 - HHH000424: Disabling contextual LOB creation as createClob() method threw error : java.lang.reflect.InvocationTargetException
2017-04-09 19:22:33 INFO  BasicTypeRegistry:148 - HHH000270: Type registration [java.util.UUID] overrides previous : org.hibernate.type.UUIDBinaryType@68280acb
2017-04-09 19:22:35 INFO  SchemaCreatorImpl:488 - HHH000476: Executing import script 'org.hibernate.tool.schema.internal.exec.ScriptSourceInputNonExistentImpl@240919cc'
2017-04-09 19:22:35 INFO  HibernateTransactionManager:357 - Using DataSource [org.springframework.jdbc.datasource.DriverManagerDataSource@7c957407] of Hibernate SessionFactory for HibernateTransactionManager
2017-04-09 19:22:36 INFO  DefaultSecurityFilterChain:43 - Creating filter chain: org.springframework.security.web.util.matcher.AnyRequestMatcher@1, [org.springframework.security.web.context.request.async.WebAsyncManagerIntegrationFilter@2f247eeb, org.springframework.security.web.context.SecurityContextPersistenceFilter@5ad002e6, org.springframework.security.web.header.HeaderWriterFilter@2f3c8906, org.springframework.security.web.authentication.logout.LogoutFilter@76f49de7, org.springframework.security.web.authentication.UsernamePasswordAuthenticationFilter@73595346, org.springframework.security.web.authentication.ui.DefaultLoginPageGeneratingFilter@7b9ea80b, org.springframework.security.web.savedrequest.RequestCacheAwareFilter@6f07d244, org.springframework.security.web.servletapi.SecurityContextHolderAwareRequestFilter@77d29ac0, org.springframework.security.web.authentication.AnonymousAuthenticationFilter@694f1f0d, org.springframework.security.web.session.SessionManagementFilter@30072fc6, org.springframework.security.web.access.ExceptionTranslationFilter@518fae3f, org.springframework.security.web.access.intercept.FilterSecurityInterceptor@53d514a2]
2017-04-09 19:22:36 INFO  RequestMappingHandlerMapping:543 - Mapped "{[/update]}" onto public java.lang.String io.delivery.controller.AppController.update(org.springframework.ui.Model)
2017-04-09 19:22:36 INFO  RequestMappingHandlerMapping:543 - Mapped "{[/create]}" onto public java.lang.String io.delivery.controller.AppController.create(org.springframework.ui.Model)
2017-04-09 19:22:36 INFO  RequestMappingHandlerMapping:543 - Mapped "{[/secure]}" onto public java.lang.String io.delivery.controller.AppController.secure()
2017-04-09 19:22:36 INFO  RequestMappingHandlerMapping:543 - Mapped "{[/password/{password}],methods=[GET]}" onto public org.springframework.web.servlet.ModelAndView io.delivery.controller.AppController.passwordEncode(java.lang.String)
2017-04-09 19:22:36 INFO  RequestMappingHandlerMapping:543 - Mapped "{[/]}" onto public java.lang.String io.delivery.controller.AppController.hello(org.springframework.ui.Model)
2017-04-09 19:22:36 INFO  RequestMappingHandlerMapping:543 - Mapped "{[/del]}" onto public java.lang.String io.delivery.controller.AppController.del(org.springframework.ui.Model)
2017-04-09 19:22:36 INFO  RequestMappingHandlerMapping:543 - Mapped "{[/upd]}" onto public java.lang.String io.delivery.controller.AppController.upd(org.springframework.ui.Model)
2017-04-09 19:22:36 INFO  RequestMappingHandlerMapping:543 - Mapped "{[/ins]}" onto public java.lang.String io.delivery.controller.AppController.ins(org.springframework.ui.Model)
2017-04-09 19:22:36 INFO  RequestMappingHandlerMapping:543 - Mapped "{[/dump]}" onto public java.lang.String io.delivery.controller.AppController.dump(org.springframework.ui.Model)
2017-04-09 19:22:36 INFO  RequestMappingHandlerAdapter:534 - Looking for @ControllerAdvice: Root WebApplicationContext: startup date [Sun Apr 09 19:22:29 MSK 2017]; root of context hierarchy
2017-04-09 19:22:37 INFO  ContextLoader:344 - Root WebApplicationContext: initialization completed in 7811 ms
2017-04-09 19:22:37 INFO  DispatcherServlet:489 - FrameworkServlet 'dispatcher': initialization started
2017-04-09 19:22:37 INFO  AnnotationConfigWebApplicationContext:582 - Refreshing WebApplicationContext for namespace 'dispatcher-servlet': startup date [Sun Apr 09 19:22:37 MSK 2017]; parent: Root WebApplicationContext
2017-04-09 19:22:37 INFO  AutowiredAnnotationBeanPostProcessor:155 - JSR-330 'javax.inject.Inject' annotation found and supported for autowiring
2017-04-09 19:22:37 INFO  DispatcherServlet:508 - FrameworkServlet 'dispatcher': initialization completed in 99 ms
2017-04-09 19:22:41 WARN  PageNotFound:1172 - No mapping found for HTTP request with URI [/favicon.ico] in DispatcherServlet with name 'dispatcher'
2017-04-09 19:31:15 INFO  AnnotationConfigWebApplicationContext:987 - Closing WebApplicationContext for namespace 'dispatcher-servlet': startup date [Sun Apr 09 19:22:37 MSK 2017]; parent: Root WebApplicationContext
2017-04-09 19:31:15 INFO  AnnotationConfigWebApplicationContext:987 - Closing Root WebApplicationContext: startup date [Sun Apr 09 19:22:29 MSK 2017]; root of context hierarchy
2017-04-15 14:38:26 INFO  ContextLoader:304 - Root WebApplicationContext: initialization started
2017-04-15 14:38:26 INFO  AnnotationConfigWebApplicationContext:582 - Refreshing Root WebApplicationContext: startup date [Sat Apr 15 14:38:26 MSK 2017]; root of context hierarchy
2017-04-15 14:38:26 INFO  AnnotationConfigWebApplicationContext:207 - Registering annotated classes: [class io.delivery.config.application.WebConfig]
2017-04-15 14:38:27 INFO  DefaultListableBeanFactory:828 - Overriding bean definition for bean 'dataSource' with a different definition: replacing [Root bean: class [null]; scope=; abstract=false; lazyInit=false; autowireMode=3; dependencyCheck=0; autowireCandidate=true; primary=false; factoryBeanName=appConfig; factoryMethodName=dataSource; initMethodName=null; destroyMethodName=(inferred); defined in class path resource [io/delivery/config/AppConfig.class]] with [Root bean: class [null]; scope=; abstract=false; lazyInit=false; autowireMode=3; dependencyCheck=0; autowireCandidate=true; primary=false; factoryBeanName=hibernateConfig; factoryMethodName=dataSource; initMethodName=null; destroyMethodName=(inferred); defined in class path resource [io/delivery/config/HibernateConfig.class]]
2017-04-15 14:38:27 INFO  AutowiredAnnotationBeanPostProcessor:155 - JSR-330 'javax.inject.Inject' annotation found and supported for autowiring
2017-04-15 14:38:28 INFO  DriverManagerDataSource:133 - Loaded JDBC driver: org.postgresql.Driver
2017-04-15 14:38:29 INFO  Version:45 - HHH000412: Hibernate Core {5.2.4.Final}
2017-04-15 14:38:29 INFO  Environment:198 - HHH000205: Loaded properties from resource hibernate.properties: {hibernate.dialect=org.hibernate.dialect.PostgreSQLDialect, hibernate.format_sql=true, hibernate.username=root, hibernate.hbm2ddl.auto=create, hibernate.url=jdbc:postgresql://localhost:5432/delivery, hibernate.bytecode.use_reflection_optimizer=false, hibernate.show_sql=true, hibernate.password=root, hibernate.driverClass=org.postgresql.Driver}
2017-04-15 14:38:29 INFO  Environment:318 - HHH000021: Bytecode provider name : javassist
2017-04-15 14:38:29 INFO  Version:66 - HCANN000001: Hibernate Commons Annotations {5.0.1.Final}
2017-04-15 14:38:29 INFO  Dialect:153 - HHH000400: Using dialect: org.hibernate.dialect.PostgreSQLDialect
2017-04-15 14:38:30 INFO  LobCreatorBuilderImpl:124 - HHH000424: Disabling contextual LOB creation as createClob() method threw error : java.lang.reflect.InvocationTargetException
2017-04-15 14:38:30 INFO  BasicTypeRegistry:148 - HHH000270: Type registration [java.util.UUID] overrides previous : org.hibernate.type.UUIDBinaryType@1f16254a
2017-04-15 14:38:31 WARN  SqlExceptionHelper:217 - SQL Warning Code: 0, SQLState: 00000
2017-04-15 14:38:31 WARN  SqlExceptionHelper:218 - таблица "documents" не существует, пропускается
2017-04-15 14:38:31 WARN  SqlExceptionHelper:217 - SQL Warning Code: 0, SQLState: 00000
2017-04-15 14:38:31 WARN  SqlExceptionHelper:218 - последовательность "hibernate_sequence" не существует, пропускается
2017-04-15 14:38:31 INFO  SchemaCreatorImpl:488 - HHH000476: Executing import script 'org.hibernate.tool.schema.internal.exec.ScriptSourceInputNonExistentImpl@76d49c6e'
2017-04-15 14:38:32 INFO  HibernateTransactionManager:357 - Using DataSource [org.springframework.jdbc.datasource.DriverManagerDataSource@757232ef] of Hibernate SessionFactory for HibernateTransactionManager
2017-04-15 14:38:32 INFO  DefaultSecurityFilterChain:43 - Creating filter chain: org.springframework.security.web.util.matcher.AnyRequestMatcher@1, [org.springframework.security.web.context.request.async.WebAsyncManagerIntegrationFilter@7ccfeab4, org.springframework.security.web.context.SecurityContextPersistenceFilter@39fe7d6e, org.springframework.security.web.header.HeaderWriterFilter@23f53657, org.springframework.security.web.authentication.logout.LogoutFilter@2ac82c06, org.springframework.security.web.authentication.UsernamePasswordAuthenticationFilter@b86d52d, org.springframework.security.web.authentication.ui.DefaultLoginPageGeneratingFilter@64a3324e, org.springframework.security.web.savedrequest.RequestCacheAwareFilter@5d8d0f21, org.springframework.security.web.servletapi.SecurityContextHolderAwareRequestFilter@430e1a0d, org.springframework.security.web.authentication.AnonymousAuthenticationFilter@29ee0e16, org.springframework.security.web.session.SessionManagementFilter@14e47318, org.springframework.security.web.access.ExceptionTranslationFilter@3723fc22, org.springframework.security.web.access.intercept.FilterSecurityInterceptor@12a4db03]
2017-04-15 14:38:33 INFO  RequestMappingHandlerMapping:543 - Mapped "{[/update]}" onto public java.lang.String io.delivery.controller.AppController.update(org.springframework.ui.Model)
2017-04-15 14:38:33 INFO  RequestMappingHandlerMapping:543 - Mapped "{[/create]}" onto public java.lang.String io.delivery.controller.AppController.create(org.springframework.ui.Model)
2017-04-15 14:38:33 INFO  RequestMappingHandlerMapping:543 - Mapped "{[/secure]}" onto public java.lang.String io.delivery.controller.AppController.secure()
2017-04-15 14:38:33 INFO  RequestMappingHandlerMapping:543 - Mapped "{[/]}" onto public java.lang.String io.delivery.controller.AppController.hello(org.springframework.ui.Model)
2017-04-15 14:38:33 INFO  RequestMappingHandlerMapping:543 - Mapped "{[/ins]}" onto public java.lang.String io.delivery.controller.AppController.ins(org.springframework.ui.Model)
2017-04-15 14:38:33 INFO  RequestMappingHandlerMapping:543 - Mapped "{[/del]}" onto public java.lang.String io.delivery.controller.AppController.del(org.springframework.ui.Model)
2017-04-15 14:38:33 INFO  RequestMappingHandlerMapping:543 - Mapped "{[/upd]}" onto public java.lang.String io.delivery.controller.AppController.upd(org.springframework.ui.Model)
2017-04-15 14:38:33 INFO  RequestMappingHandlerMapping:543 - Mapped "{[/password/{password}],methods=[GET]}" onto public org.springframework.web.servlet.ModelAndView io.delivery.controller.AppController.passwordEncode(java.lang.String)
2017-04-15 14:38:33 INFO  RequestMappingHandlerMapping:543 - Mapped "{[/dump]}" onto public java.lang.String io.delivery.controller.AppController.dump(org.springframework.ui.Model)
2017-04-15 14:38:33 INFO  RequestMappingHandlerAdapter:534 - Looking for @ControllerAdvice: Root WebApplicationContext: startup date [Sat Apr 15 14:38:26 MSK 2017]; root of context hierarchy
2017-04-15 14:38:33 INFO  ContextLoader:344 - Root WebApplicationContext: initialization completed in 7659 ms
2017-04-15 14:38:33 INFO  DispatcherServlet:489 - FrameworkServlet 'dispatcher': initialization started
2017-04-15 14:38:33 INFO  AnnotationConfigWebApplicationContext:582 - Refreshing WebApplicationContext for namespace 'dispatcher-servlet': startup date [Sat Apr 15 14:38:33 MSK 2017]; parent: Root WebApplicationContext
2017-04-15 14:38:33 INFO  AutowiredAnnotationBeanPostProcessor:155 - JSR-330 'javax.inject.Inject' annotation found and supported for autowiring
2017-04-15 14:38:33 INFO  DispatcherServlet:508 - FrameworkServlet 'dispatcher': initialization completed in 78 ms
2017-04-15 14:38:40 WARN  PageNotFound:1172 - No mapping found for HTTP request with URI [/favicon.ico] in DispatcherServlet with name 'dispatcher'
2017-04-15 14:38:40 WARN  PageNotFound:1172 - No mapping found for HTTP request with URI [/favicon.ico] in DispatcherServlet with name 'dispatcher'
2017-04-15 15:42:41 INFO  AnnotationConfigWebApplicationContext:987 - Closing WebApplicationContext for namespace 'dispatcher-servlet': startup date [Sat Apr 15 14:38:33 MSK 2017]; parent: Root WebApplicationContext
2017-04-15 15:42:41 INFO  AnnotationConfigWebApplicationContext:987 - Closing Root WebApplicationContext: startup date [Sat Apr 15 14:38:26 MSK 2017]; root of context hierarchy
2017-04-15 15:43:40 INFO  ContextLoader:304 - Root WebApplicationContext: initialization started
2017-04-15 15:43:40 INFO  AnnotationConfigWebApplicationContext:582 - Refreshing Root WebApplicationContext: startup date [Sat Apr 15 15:43:40 MSK 2017]; root of context hierarchy
2017-04-15 15:43:40 INFO  AnnotationConfigWebApplicationContext:207 - Registering annotated classes: [class io.delivery.config.application.WebConfig]
2017-04-15 15:43:41 INFO  DefaultListableBeanFactory:828 - Overriding bean definition for bean 'dataSource' with a different definition: replacing [Root bean: class [null]; scope=; abstract=false; lazyInit=false; autowireMode=3; dependencyCheck=0; autowireCandidate=true; primary=false; factoryBeanName=appConfig; factoryMethodName=dataSource; initMethodName=null; destroyMethodName=(inferred); defined in class path resource [io/delivery/config/AppConfig.class]] with [Root bean: class [null]; scope=; abstract=false; lazyInit=false; autowireMode=3; dependencyCheck=0; autowireCandidate=true; primary=false; factoryBeanName=hibernateConfig; factoryMethodName=dataSource; initMethodName=null; destroyMethodName=(inferred); defined in class path resource [io/delivery/config/HibernateConfig.class]]
2017-04-15 15:43:41 INFO  AutowiredAnnotationBeanPostProcessor:155 - JSR-330 'javax.inject.Inject' annotation found and supported for autowiring
2017-04-15 15:43:42 INFO  DriverManagerDataSource:133 - Loaded JDBC driver: org.postgresql.Driver
2017-04-15 15:43:42 INFO  Version:45 - HHH000412: Hibernate Core {5.2.4.Final}
2017-04-15 15:43:42 INFO  Environment:198 - HHH000205: Loaded properties from resource hibernate.properties: {hibernate.dialect=org.hibernate.dialect.PostgreSQLDialect, hibernate.format_sql=true, hibernate.username=root, hibernate.hbm2ddl.auto=update, hibernate.url=jdbc:postgresql://localhost:5432/delivery, hibernate.bytecode.use_reflection_optimizer=false, hibernate.show_sql=true, hibernate.password=root, hibernate.driverClass=org.postgresql.Driver}
2017-04-15 15:43:42 INFO  Environment:318 - HHH000021: Bytecode provider name : javassist
2017-04-15 15:43:42 INFO  Version:66 - HCANN000001: Hibernate Commons Annotations {5.0.1.Final}
2017-04-15 15:43:43 INFO  Dialect:153 - HHH000400: Using dialect: org.hibernate.dialect.PostgreSQLDialect
2017-04-15 15:43:43 INFO  LobCreatorBuilderImpl:124 - HHH000424: Disabling contextual LOB creation as createClob() method threw error : java.lang.reflect.InvocationTargetException
2017-04-15 15:43:43 INFO  BasicTypeRegistry:148 - HHH000270: Type registration [java.util.UUID] overrides previous : org.hibernate.type.UUIDBinaryType@3ea9b70
2017-04-15 15:43:45 INFO  HibernateTransactionManager:357 - Using DataSource [org.springframework.jdbc.datasource.DriverManagerDataSource@7e88fc9a] of Hibernate SessionFactory for HibernateTransactionManager
2017-04-15 15:43:46 INFO  DefaultSecurityFilterChain:43 - Creating filter chain: org.springframework.security.web.util.matcher.AnyRequestMatcher@1, [org.springframework.security.web.context.request.async.WebAsyncManagerIntegrationFilter@4719fbfb, org.springframework.security.web.context.SecurityContextPersistenceFilter@2b2599ca, org.springframework.security.web.header.HeaderWriterFilter@3ae368a8, org.springframework.security.web.authentication.logout.LogoutFilter@b2970b1, org.springframework.security.web.authentication.UsernamePasswordAuthenticationFilter@44b0288e, org.springframework.security.web.authentication.ui.DefaultLoginPageGeneratingFilter@35c90cfc, org.springframework.security.web.savedrequest.RequestCacheAwareFilter@36e04a58, org.springframework.security.web.servletapi.SecurityContextHolderAwareRequestFilter@675d9e86, org.springframework.security.web.authentication.AnonymousAuthenticationFilter@51b981e4, org.springframework.security.web.session.SessionManagementFilter@2b059919, org.springframework.security.web.access.ExceptionTranslationFilter@3f8b44ca, org.springframework.security.web.access.intercept.FilterSecurityInterceptor@2dc690ad]
2017-04-15 15:43:46 INFO  RequestMappingHandlerMapping:543 - Mapped "{[/update]}" onto public java.lang.String io.delivery.controller.AppController.update(org.springframework.ui.Model)
2017-04-15 15:43:46 INFO  RequestMappingHandlerMapping:543 - Mapped "{[/create]}" onto public java.lang.String io.delivery.controller.AppController.create(org.springframework.ui.Model)
2017-04-15 15:43:46 INFO  RequestMappingHandlerMapping:543 - Mapped "{[/secure]}" onto public java.lang.String io.delivery.controller.AppController.secure()
2017-04-15 15:43:46 INFO  RequestMappingHandlerMapping:543 - Mapped "{[/dump]}" onto public java.lang.String io.delivery.controller.AppController.dump(org.springframework.ui.Model)
2017-04-15 15:43:46 INFO  RequestMappingHandlerMapping:543 - Mapped "{[/del]}" onto public java.lang.String io.delivery.controller.AppController.del(org.springframework.ui.Model)
2017-04-15 15:43:46 INFO  RequestMappingHandlerMapping:543 - Mapped "{[/password/{password}],methods=[GET]}" onto public org.springframework.web.servlet.ModelAndView io.delivery.controller.AppController.passwordEncode(java.lang.String)
2017-04-15 15:43:46 INFO  RequestMappingHandlerMapping:543 - Mapped "{[/]}" onto public java.lang.String io.delivery.controller.AppController.hello(org.springframework.ui.Model)
2017-04-15 15:43:46 INFO  RequestMappingHandlerMapping:543 - Mapped "{[/ins]}" onto public java.lang.String io.delivery.controller.AppController.ins(org.springframework.ui.Model)
2017-04-15 15:43:46 INFO  RequestMappingHandlerMapping:543 - Mapped "{[/upd]}" onto public java.lang.String io.delivery.controller.AppController.upd(org.springframework.ui.Model)
2017-04-15 15:43:46 INFO  RequestMappingHandlerMapping:543 - Mapped "{[/document/all],methods=[GET]}" onto public java.util.List<io.delivery.entity.Document> io.delivery.controller.DocumentController.getDocumentList()
2017-04-15 15:43:47 INFO  RequestMappingHandlerAdapter:534 - Looking for @ControllerAdvice: Root WebApplicationContext: startup date [Sat Apr 15 15:43:40 MSK 2017]; root of context hierarchy
2017-04-15 15:43:47 INFO  ContextLoader:344 - Root WebApplicationContext: initialization completed in 7482 ms
2017-04-15 15:43:47 INFO  DispatcherServlet:489 - FrameworkServlet 'dispatcher': initialization started
2017-04-15 15:43:47 INFO  AnnotationConfigWebApplicationContext:582 - Refreshing WebApplicationContext for namespace 'dispatcher-servlet': startup date [Sat Apr 15 15:43:47 MSK 2017]; parent: Root WebApplicationContext
2017-04-15 15:43:47 INFO  AutowiredAnnotationBeanPostProcessor:155 - JSR-330 'javax.inject.Inject' annotation found and supported for autowiring
2017-04-15 15:43:48 INFO  DispatcherServlet:508 - FrameworkServlet 'dispatcher': initialization completed in 132 ms
2017-04-15 15:43:52 WARN  PageNotFound:1172 - No mapping found for HTTP request with URI [/favicon.ico] in DispatcherServlet with name 'dispatcher'
2017-04-15 15:43:52 WARN  PageNotFound:1172 - No mapping found for HTTP request with URI [/favicon.ico] in DispatcherServlet with name 'dispatcher'
2017-04-15 15:44:16 INFO  QueryTranslatorFactoryInitiator:47 - HHH000397: Using ASTQueryTranslatorFactory
2017-04-15 15:54:37 INFO  AnnotationConfigWebApplicationContext:987 - Closing WebApplicationContext for namespace 'dispatcher-servlet': startup date [Sat Apr 15 15:43:47 MSK 2017]; parent: Root WebApplicationContext
2017-04-15 15:54:37 INFO  AnnotationConfigWebApplicationContext:987 - Closing Root WebApplicationContext: startup date [Sat Apr 15 15:43:40 MSK 2017]; root of context hierarchy
2017-04-15 15:54:52 INFO  ContextLoader:304 - Root WebApplicationContext: initialization started
2017-04-15 15:54:52 INFO  AnnotationConfigWebApplicationContext:582 - Refreshing Root WebApplicationContext: startup date [Sat Apr 15 15:54:52 MSK 2017]; root of context hierarchy
2017-04-15 15:54:53 INFO  AnnotationConfigWebApplicationContext:207 - Registering annotated classes: [class io.delivery.config.application.WebConfig]
2017-04-15 15:54:54 INFO  DefaultListableBeanFactory:828 - Overriding bean definition for bean 'dataSource' with a different definition: replacing [Root bean: class [null]; scope=; abstract=false; lazyInit=false; autowireMode=3; dependencyCheck=0; autowireCandidate=true; primary=false; factoryBeanName=appConfig; factoryMethodName=dataSource; initMethodName=null; destroyMethodName=(inferred); defined in class path resource [io/delivery/config/AppConfig.class]] with [Root bean: class [null]; scope=; abstract=false; lazyInit=false; autowireMode=3; dependencyCheck=0; autowireCandidate=true; primary=false; factoryBeanName=hibernateConfig; factoryMethodName=dataSource; initMethodName=null; destroyMethodName=(inferred); defined in class path resource [io/delivery/config/HibernateConfig.class]]
2017-04-15 15:54:55 INFO  AutowiredAnnotationBeanPostProcessor:155 - JSR-330 'javax.inject.Inject' annotation found and supported for autowiring
2017-04-15 15:54:55 INFO  DriverManagerDataSource:133 - Loaded JDBC driver: org.postgresql.Driver
2017-04-15 15:54:56 INFO  Version:45 - HHH000412: Hibernate Core {5.2.4.Final}
2017-04-15 15:54:56 INFO  Environment:198 - HHH000205: Loaded properties from resource hibernate.properties: {hibernate.dialect=org.hibernate.dialect.PostgreSQLDialect, hibernate.format_sql=true, hibernate.username=root, hibernate.hbm2ddl.auto=update, hibernate.url=jdbc:postgresql://localhost:5432/delivery, hibernate.bytecode.use_reflection_optimizer=false, hibernate.show_sql=true, hibernate.password=root, hibernate.driverClass=org.postgresql.Driver}
2017-04-15 15:54:56 INFO  Environment:318 - HHH000021: Bytecode provider name : javassist
2017-04-15 15:54:56 INFO  Version:66 - HCANN000001: Hibernate Commons Annotations {5.0.1.Final}
2017-04-15 15:54:56 INFO  Dialect:153 - HHH000400: Using dialect: org.hibernate.dialect.PostgreSQLDialect
2017-04-15 15:54:57 INFO  LobCreatorBuilderImpl:124 - HHH000424: Disabling contextual LOB creation as createClob() method threw error : java.lang.reflect.InvocationTargetException
2017-04-15 15:54:57 INFO  BasicTypeRegistry:148 - HHH000270: Type registration [java.util.UUID] overrides previous : org.hibernate.type.UUIDBinaryType@7fa609fa
2017-04-15 15:54:58 INFO  HibernateTransactionManager:357 - Using DataSource [org.springframework.jdbc.datasource.DriverManagerDataSource@1eaa51fc] of Hibernate SessionFactory for HibernateTransactionManager
2017-04-15 15:54:58 INFO  DefaultSecurityFilterChain:43 - Creating filter chain: org.springframework.security.web.util.matcher.AnyRequestMatcher@1, [org.springframework.security.web.context.request.async.WebAsyncManagerIntegrationFilter@a168c33, org.springframework.security.web.context.SecurityContextPersistenceFilter@33ee824f, org.springframework.security.web.header.HeaderWriterFilter@10f90360, org.springframework.security.web.authentication.logout.LogoutFilter@8e0fb76, org.springframework.security.web.authentication.UsernamePasswordAuthenticationFilter@1b2c1f1c, org.springframework.security.web.authentication.ui.DefaultLoginPageGeneratingFilter@2bfd0a4c, org.springframework.security.web.savedrequest.RequestCacheAwareFilter@3c643b10, org.springframework.security.web.servletapi.SecurityContextHolderAwareRequestFilter@63f5df98, org.springframework.security.web.authentication.AnonymousAuthenticationFilter@76d70572, org.springframework.security.web.session.SessionManagementFilter@34dd0059, org.springframework.security.web.access.ExceptionTranslationFilter@4eb3b062, org.springframework.security.web.access.intercept.FilterSecurityInterceptor@272b82cb]
2017-04-15 15:54:59 INFO  RequestMappingHandlerMapping:543 - Mapped "{[/update]}" onto public java.lang.String io.delivery.controller.AppController.update(org.springframework.ui.Model)
2017-04-15 15:54:59 INFO  RequestMappingHandlerMapping:543 - Mapped "{[/create]}" onto public java.lang.String io.delivery.controller.AppController.create(org.springframework.ui.Model)
2017-04-15 15:54:59 INFO  RequestMappingHandlerMapping:543 - Mapped "{[/secure]}" onto public java.lang.String io.delivery.controller.AppController.secure()
2017-04-15 15:54:59 INFO  RequestMappingHandlerMapping:543 - Mapped "{[/dump]}" onto public java.lang.String io.delivery.controller.AppController.dump(org.springframework.ui.Model)
2017-04-15 15:54:59 INFO  RequestMappingHandlerMapping:543 - Mapped "{[/del]}" onto public java.lang.String io.delivery.controller.AppController.del(org.springframework.ui.Model)
2017-04-15 15:54:59 INFO  RequestMappingHandlerMapping:543 - Mapped "{[/password/{password}],methods=[GET]}" onto public org.springframework.web.servlet.ModelAndView io.delivery.controller.AppController.passwordEncode(java.lang.String)
2017-04-15 15:54:59 INFO  RequestMappingHandlerMapping:543 - Mapped "{[/]}" onto public java.lang.String io.delivery.controller.AppController.hello(org.springframework.ui.Model)
2017-04-15 15:54:59 INFO  RequestMappingHandlerMapping:543 - Mapped "{[/ins]}" onto public java.lang.String io.delivery.controller.AppController.ins(org.springframework.ui.Model)
2017-04-15 15:54:59 INFO  RequestMappingHandlerMapping:543 - Mapped "{[/upd]}" onto public java.lang.String io.delivery.controller.AppController.upd(org.springframework.ui.Model)
2017-04-15 15:54:59 INFO  RequestMappingHandlerMapping:543 - Mapped "{[/document/all],methods=[GET]}" onto public java.util.List<io.delivery.entity.Document> io.delivery.controller.DocumentController.getDocumentList()
2017-04-15 15:54:59 INFO  RequestMappingHandlerMapping:543 - Mapped "{[/document/get/name/{name}],methods=[GET]}" onto public java.util.List<io.delivery.entity.Document> io.delivery.controller.DocumentController.getDocumentByName(java.lang.String)
2017-04-15 15:54:59 INFO  RequestMappingHandlerAdapter:534 - Looking for @ControllerAdvice: Root WebApplicationContext: startup date [Sat Apr 15 15:54:52 MSK 2017]; root of context hierarchy
2017-04-15 15:54:59 INFO  ContextLoader:344 - Root WebApplicationContext: initialization completed in 6841 ms
2017-04-15 15:54:59 INFO  DispatcherServlet:489 - FrameworkServlet 'dispatcher': initialization started
2017-04-15 15:54:59 INFO  AnnotationConfigWebApplicationContext:582 - Refreshing WebApplicationContext for namespace 'dispatcher-servlet': startup date [Sat Apr 15 15:54:59 MSK 2017]; parent: Root WebApplicationContext
2017-04-15 15:54:59 INFO  AutowiredAnnotationBeanPostProcessor:155 - JSR-330 'javax.inject.Inject' annotation found and supported for autowiring
2017-04-15 15:54:59 INFO  DispatcherServlet:508 - FrameworkServlet 'dispatcher': initialization completed in 106 ms
2017-04-15 15:55:50 INFO  QueryTranslatorFactoryInitiator:47 - HHH000397: Using ASTQueryTranslatorFactory
2017-04-15 15:55:50 WARN  HqlSqlWalker:1063 - [DEPRECATION] Encountered positional parameter near line 1, column 54 in HQL: [from io.delivery.entity.Document as d where d.name = ?].  Positional parameter are considered deprecated; use named parameters or JPA-style positional parameters instead.
2017-04-15 15:55:50 WARN  HqlSqlWalker:1063 - [DEPRECATION] Encountered positional parameter near line 1, column 54 in HQL: [from io.delivery.entity.Document as d where d.name = ?].  Positional parameter are considered deprecated; use named parameters or JPA-style positional parameters instead.
2017-04-15 16:12:03 INFO  AnnotationConfigWebApplicationContext:987 - Closing WebApplicationContext for namespace 'dispatcher-servlet': startup date [Sat Apr 15 15:54:59 MSK 2017]; parent: Root WebApplicationContext
2017-04-15 16:12:03 INFO  AnnotationConfigWebApplicationContext:987 - Closing Root WebApplicationContext: startup date [Sat Apr 15 15:54:52 MSK 2017]; root of context hierarchy
2017-04-15 16:24:27 INFO  ContextLoader:304 - Root WebApplicationContext: initialization started
2017-04-15 16:24:27 INFO  AnnotationConfigWebApplicationContext:582 - Refreshing Root WebApplicationContext: startup date [Sat Apr 15 16:24:27 MSK 2017]; root of context hierarchy
2017-04-15 16:24:27 INFO  AnnotationConfigWebApplicationContext:207 - Registering annotated classes: [class io.delivery.config.application.WebConfig]
2017-04-15 16:24:28 INFO  DefaultListableBeanFactory:828 - Overriding bean definition for bean 'dataSource' with a different definition: replacing [Root bean: class [null]; scope=; abstract=false; lazyInit=false; autowireMode=3; dependencyCheck=0; autowireCandidate=true; primary=false; factoryBeanName=appConfig; factoryMethodName=dataSource; initMethodName=null; destroyMethodName=(inferred); defined in class path resource [io/delivery/config/AppConfig.class]] with [Root bean: class [null]; scope=; abstract=false; lazyInit=false; autowireMode=3; dependencyCheck=0; autowireCandidate=true; primary=false; factoryBeanName=hibernateConfig; factoryMethodName=dataSource; initMethodName=null; destroyMethodName=(inferred); defined in class path resource [io/delivery/config/HibernateConfig.class]]
2017-04-15 16:24:29 INFO  AutowiredAnnotationBeanPostProcessor:155 - JSR-330 'javax.inject.Inject' annotation found and supported for autowiring
2017-04-15 16:24:29 INFO  DriverManagerDataSource:133 - Loaded JDBC driver: org.postgresql.Driver
2017-04-15 16:24:30 INFO  Version:45 - HHH000412: Hibernate Core {5.2.4.Final}
2017-04-15 16:24:30 INFO  Environment:198 - HHH000205: Loaded properties from resource hibernate.properties: {hibernate.dialect=org.hibernate.dialect.PostgreSQLDialect, hibernate.format_sql=true, hibernate.username=root, hibernate.hbm2ddl.auto=update, hibernate.url=jdbc:postgresql://localhost:5432/delivery, hibernate.bytecode.use_reflection_optimizer=false, hibernate.show_sql=true, hibernate.password=root, hibernate.driverClass=org.postgresql.Driver}
2017-04-15 16:24:30 INFO  Environment:318 - HHH000021: Bytecode provider name : javassist
2017-04-15 16:24:30 INFO  Version:66 - HCANN000001: Hibernate Commons Annotations {5.0.1.Final}
2017-04-15 16:24:30 INFO  Dialect:153 - HHH000400: Using dialect: org.hibernate.dialect.PostgreSQLDialect
2017-04-15 16:24:31 INFO  LobCreatorBuilderImpl:124 - HHH000424: Disabling contextual LOB creation as createClob() method threw error : java.lang.reflect.InvocationTargetException
2017-04-15 16:24:31 INFO  BasicTypeRegistry:148 - HHH000270: Type registration [java.util.UUID] overrides previous : org.hibernate.type.UUIDBinaryType@4ab4a391
2017-04-15 16:24:33 INFO  HibernateTransactionManager:357 - Using DataSource [org.springframework.jdbc.datasource.DriverManagerDataSource@2d973747] of Hibernate SessionFactory for HibernateTransactionManager
2017-04-15 16:24:33 INFO  DefaultSecurityFilterChain:43 - Creating filter chain: org.springframework.security.web.util.matcher.AnyRequestMatcher@1, [org.springframework.security.web.context.request.async.WebAsyncManagerIntegrationFilter@5bd904cb, org.springframework.security.web.context.SecurityContextPersistenceFilter@77a5efd0, org.springframework.security.web.header.HeaderWriterFilter@6c320bbe, org.springframework.security.web.authentication.logout.LogoutFilter@33c41573, org.springframework.security.web.authentication.UsernamePasswordAuthenticationFilter@2af7c250, org.springframework.security.web.authentication.ui.DefaultLoginPageGeneratingFilter@5d2ed2b7, org.springframework.security.web.savedrequest.RequestCacheAwareFilter@17d4a3bf, org.springframework.security.web.servletapi.SecurityContextHolderAwareRequestFilter@3a90d5ad, org.springframework.security.web.authentication.AnonymousAuthenticationFilter@77559225, org.springframework.security.web.session.SessionManagementFilter@20e1778e, org.springframework.security.web.access.ExceptionTranslationFilter@5805737c, org.springframework.security.web.access.intercept.FilterSecurityInterceptor@35cbb287]
2017-04-15 16:24:33 INFO  RequestMappingHandlerMapping:543 - Mapped "{[/update]}" onto public java.lang.String io.delivery.controller.AppController.update(org.springframework.ui.Model)
2017-04-15 16:24:33 INFO  RequestMappingHandlerMapping:543 - Mapped "{[/create]}" onto public java.lang.String io.delivery.controller.AppController.create(org.springframework.ui.Model)
2017-04-15 16:24:33 INFO  RequestMappingHandlerMapping:543 - Mapped "{[/secure]}" onto public java.lang.String io.delivery.controller.AppController.secure()
2017-04-15 16:24:33 INFO  RequestMappingHandlerMapping:543 - Mapped "{[/dump]}" onto public java.lang.String io.delivery.controller.AppController.dump(org.springframework.ui.Model)
2017-04-15 16:24:33 INFO  RequestMappingHandlerMapping:543 - Mapped "{[/upd]}" onto public java.lang.String io.delivery.controller.AppController.upd(org.springframework.ui.Model)
2017-04-15 16:24:33 INFO  RequestMappingHandlerMapping:543 - Mapped "{[/password/{password}],methods=[GET]}" onto public org.springframework.web.servlet.ModelAndView io.delivery.controller.AppController.passwordEncode(java.lang.String)
2017-04-15 16:24:33 INFO  RequestMappingHandlerMapping:543 - Mapped "{[/del]}" onto public java.lang.String io.delivery.controller.AppController.del(org.springframework.ui.Model)
2017-04-15 16:24:33 INFO  RequestMappingHandlerMapping:543 - Mapped "{[/]}" onto public java.lang.String io.delivery.controller.AppController.hello(org.springframework.ui.Model)
2017-04-15 16:24:33 INFO  RequestMappingHandlerMapping:543 - Mapped "{[/ins]}" onto public java.lang.String io.delivery.controller.AppController.ins(org.springframework.ui.Model)
2017-04-15 16:24:34 INFO  RequestMappingHandlerMapping:543 - Mapped "{[/document/get/name/{name}],methods=[GET]}" onto public java.util.List<io.delivery.entity.Document> io.delivery.controller.DocumentController.getDocumentByName(java.lang.String)
2017-04-15 16:24:34 INFO  RequestMappingHandlerMapping:543 - Mapped "{[/document/all],methods=[GET]}" onto public java.util.List<io.delivery.entity.Document> io.delivery.controller.DocumentController.getDocumentList()
2017-04-15 16:24:34 INFO  RequestMappingHandlerMapping:543 - Mapped "{[/document/add],methods=[POST],produces=[application/json;charset=UTF-8]}" onto public io.delivery.entity.Document io.delivery.controller.DocumentController.addDocument(io.delivery.entity.Document)
2017-04-15 16:24:34 INFO  RequestMappingHandlerAdapter:534 - Looking for @ControllerAdvice: Root WebApplicationContext: startup date [Sat Apr 15 16:24:27 MSK 2017]; root of context hierarchy
2017-04-15 16:24:35 INFO  ContextLoader:344 - Root WebApplicationContext: initialization completed in 7327 ms
2017-04-15 16:24:35 INFO  DispatcherServlet:489 - FrameworkServlet 'dispatcher': initialization started
2017-04-15 16:24:35 INFO  AnnotationConfigWebApplicationContext:582 - Refreshing WebApplicationContext for namespace 'dispatcher-servlet': startup date [Sat Apr 15 16:24:35 MSK 2017]; parent: Root WebApplicationContext
2017-04-15 16:24:35 INFO  AutowiredAnnotationBeanPostProcessor:155 - JSR-330 'javax.inject.Inject' annotation found and supported for autowiring
2017-04-15 16:24:35 INFO  DispatcherServlet:508 - FrameworkServlet 'dispatcher': initialization completed in 85 ms
2017-04-15 16:27:11 WARN  SqlExceptionHelper:129 - SQL Error: 0, SQLState: 23505
2017-04-15 16:27:11 ERROR SqlExceptionHelper:131 - ОШИБКА: повторяющееся значение ключа нарушает ограничение уникальности "documents_pkey"
  Подробности: Ключ "(document_id)=(1)" уже существует.
2017-04-15 16:27:11 INFO  AbstractBatchImpl:193 - HHH000010: On release of batch it still contained JDBC statements
2017-04-15 16:27:11 ERROR ExceptionMapperStandardImpl:39 - HHH000346: Error during managed flush [org.hibernate.exception.ConstraintViolationException: could not execute statement]
2017-04-15 21:28:33 INFO  AnnotationConfigWebApplicationContext:987 - Closing WebApplicationContext for namespace 'dispatcher-servlet': startup date [Sat Apr 15 16:24:35 MSK 2017]; parent: Root WebApplicationContext
2017-04-15 21:28:33 INFO  AnnotationConfigWebApplicationContext:987 - Closing Root WebApplicationContext: startup date [Sat Apr 15 16:24:27 MSK 2017]; root of context hierarchy
2017-04-15 21:29:24 INFO  ContextLoader:304 - Root WebApplicationContext: initialization started
2017-04-15 21:29:24 INFO  AnnotationConfigWebApplicationContext:582 - Refreshing Root WebApplicationContext: startup date [Sat Apr 15 21:29:24 MSK 2017]; root of context hierarchy
2017-04-15 21:29:24 INFO  AnnotationConfigWebApplicationContext:207 - Registering annotated classes: [class io.delivery.config.application.WebConfig]
2017-04-15 21:29:25 INFO  DefaultListableBeanFactory:828 - Overriding bean definition for bean 'dataSource' with a different definition: replacing [Root bean: class [null]; scope=; abstract=false; lazyInit=false; autowireMode=3; dependencyCheck=0; autowireCandidate=true; primary=false; factoryBeanName=appConfig; factoryMethodName=dataSource; initMethodName=null; destroyMethodName=(inferred); defined in class path resource [io/delivery/config/AppConfig.class]] with [Root bean: class [null]; scope=; abstract=false; lazyInit=false; autowireMode=3; dependencyCheck=0; autowireCandidate=true; primary=false; factoryBeanName=hibernateConfig; factoryMethodName=dataSource; initMethodName=null; destroyMethodName=(inferred); defined in class path resource [io/delivery/config/HibernateConfig.class]]
2017-04-15 21:29:26 INFO  AutowiredAnnotationBeanPostProcessor:155 - JSR-330 'javax.inject.Inject' annotation found and supported for autowiring
2017-04-15 21:29:26 INFO  DriverManagerDataSource:133 - Loaded JDBC driver: org.postgresql.Driver
2017-04-15 21:29:27 INFO  Version:45 - HHH000412: Hibernate Core {5.2.4.Final}
2017-04-15 21:29:27 INFO  Environment:198 - HHH000205: Loaded properties from resource hibernate.properties: {hibernate.dialect=org.hibernate.dialect.PostgreSQLDialect, hibernate.format_sql=true, hibernate.username=root, hibernate.hbm2ddl.auto=update, hibernate.url=jdbc:postgresql://localhost:5432/delivery, hibernate.bytecode.use_reflection_optimizer=false, hibernate.show_sql=true, hibernate.password=root, hibernate.driverClass=org.postgresql.Driver}
2017-04-15 21:29:27 INFO  Environment:318 - HHH000021: Bytecode provider name : javassist
2017-04-15 21:29:27 INFO  Version:66 - HCANN000001: Hibernate Commons Annotations {5.0.1.Final}
2017-04-15 21:29:28 INFO  Dialect:153 - HHH000400: Using dialect: org.hibernate.dialect.PostgreSQLDialect
2017-04-15 21:29:28 INFO  LobCreatorBuilderImpl:124 - HHH000424: Disabling contextual LOB creation as createClob() method threw error : java.lang.reflect.InvocationTargetException
2017-04-15 21:29:28 INFO  BasicTypeRegistry:148 - HHH000270: Type registration [java.util.UUID] overrides previous : org.hibernate.type.UUIDBinaryType@242fc630
2017-04-15 21:29:30 INFO  HibernateTransactionManager:357 - Using DataSource [org.springframework.jdbc.datasource.DriverManagerDataSource@5d863696] of Hibernate SessionFactory for HibernateTransactionManager
2017-04-15 21:29:31 INFO  DefaultSecurityFilterChain:43 - Creating filter chain: org.springframework.security.web.util.matcher.AnyRequestMatcher@1, [org.springframework.security.web.context.request.async.WebAsyncManagerIntegrationFilter@4ff82e9c, org.springframework.security.web.context.SecurityContextPersistenceFilter@2c651c7a, org.springframework.security.web.header.HeaderWriterFilter@f81974, org.springframework.security.web.authentication.logout.LogoutFilter@23572d86, org.springframework.security.web.authentication.UsernamePasswordAuthenticationFilter@57e3aa81, org.springframework.security.web.authentication.ui.DefaultLoginPageGeneratingFilter@66ffb4ba, org.springframework.security.web.savedrequest.RequestCacheAwareFilter@705e1d15, org.springframework.security.web.servletapi.SecurityContextHolderAwareRequestFilter@76749016, org.springframework.security.web.authentication.AnonymousAuthenticationFilter@20b42f91, org.springframework.security.web.session.SessionManagementFilter@421c4461, org.springframework.security.web.access.ExceptionTranslationFilter@3dca3462, org.springframework.security.web.access.intercept.FilterSecurityInterceptor@7e8bcd9f]
2017-04-15 21:29:31 INFO  RequestMappingHandlerMapping:543 - Mapped "{[/update]}" onto public java.lang.String io.delivery.controller.AppController.update(org.springframework.ui.Model)
2017-04-15 21:29:31 INFO  RequestMappingHandlerMapping:543 - Mapped "{[/create]}" onto public java.lang.String io.delivery.controller.AppController.create(org.springframework.ui.Model)
2017-04-15 21:29:31 INFO  RequestMappingHandlerMapping:543 - Mapped "{[/secure]}" onto public java.lang.String io.delivery.controller.AppController.secure()
2017-04-15 21:29:31 INFO  RequestMappingHandlerMapping:543 - Mapped "{[/dump]}" onto public java.lang.String io.delivery.controller.AppController.dump(org.springframework.ui.Model)
2017-04-15 21:29:31 INFO  RequestMappingHandlerMapping:543 - Mapped "{[/]}" onto public java.lang.String io.delivery.controller.AppController.hello(org.springframework.ui.Model)
2017-04-15 21:29:31 INFO  RequestMappingHandlerMapping:543 - Mapped "{[/password/{password}],methods=[GET]}" onto public org.springframework.web.servlet.ModelAndView io.delivery.controller.AppController.passwordEncode(java.lang.String)
2017-04-15 21:29:31 INFO  RequestMappingHandlerMapping:543 - Mapped "{[/ins]}" onto public java.lang.String io.delivery.controller.AppController.ins(org.springframework.ui.Model)
2017-04-15 21:29:31 INFO  RequestMappingHandlerMapping:543 - Mapped "{[/upd]}" onto public java.lang.String io.delivery.controller.AppController.upd(org.springframework.ui.Model)
2017-04-15 21:29:31 INFO  RequestMappingHandlerMapping:543 - Mapped "{[/del]}" onto public java.lang.String io.delivery.controller.AppController.del(org.springframework.ui.Model)
2017-04-15 21:29:31 INFO  RequestMappingHandlerMapping:543 - Mapped "{[/document/get/name/{name}],methods=[GET]}" onto public java.util.List<io.delivery.entity.Document> io.delivery.controller.DocumentController.getDocumentByName(java.lang.String)
2017-04-15 21:29:31 INFO  RequestMappingHandlerMapping:543 - Mapped "{[/document/update],methods=[PUT],produces=[application/json;charset=UTF-8]}" onto public io.delivery.entity.Document io.delivery.controller.DocumentController.updateDocument(io.delivery.entity.Document)
2017-04-15 21:29:31 INFO  RequestMappingHandlerMapping:543 - Mapped "{[/document/delete/{id}],methods=[DELETE]}" onto public io.delivery.entity.Document io.delivery.controller.DocumentController.deleteDocument(java.lang.String)
2017-04-15 21:29:31 INFO  RequestMappingHandlerMapping:543 - Mapped "{[/document/add],methods=[POST],produces=[application/json;charset=UTF-8]}" onto public io.delivery.entity.Document io.delivery.controller.DocumentController.addDocument(io.delivery.entity.Document)
2017-04-15 21:29:31 INFO  RequestMappingHandlerMapping:543 - Mapped "{[/document/all],methods=[GET]}" onto public java.util.List<io.delivery.entity.Document> io.delivery.controller.DocumentController.getDocumentList()
2017-04-15 21:29:31 INFO  RequestMappingHandlerMapping:543 - Mapped "{[/document/get/id/{id}],methods=[GET]}" onto public io.delivery.entity.Document io.delivery.controller.DocumentController.getDocumentById(java.lang.String)
2017-04-15 21:29:32 INFO  RequestMappingHandlerAdapter:534 - Looking for @ControllerAdvice: Root WebApplicationContext: startup date [Sat Apr 15 21:29:24 MSK 2017]; root of context hierarchy
2017-04-15 21:29:32 INFO  ContextLoader:344 - Root WebApplicationContext: initialization completed in 7797 ms
2017-04-15 21:29:32 INFO  DispatcherServlet:489 - FrameworkServlet 'dispatcher': initialization started
2017-04-15 21:29:32 INFO  AnnotationConfigWebApplicationContext:582 - Refreshing WebApplicationContext for namespace 'dispatcher-servlet': startup date [Sat Apr 15 21:29:32 MSK 2017]; parent: Root WebApplicationContext
2017-04-15 21:29:32 INFO  AutowiredAnnotationBeanPostProcessor:155 - JSR-330 'javax.inject.Inject' annotation found and supported for autowiring
2017-04-15 21:29:32 INFO  DispatcherServlet:508 - FrameworkServlet 'dispatcher': initialization completed in 107 ms
